<?xml version="1.0" encoding="UTF-8" ?>
<testsuite tests="12" failures="0" name="God.Cards.AthenaTest" time="0.026" errors="0" skipped="0">
  <properties>
[...]
</properties>
  <testcase classname="God.Cards.AthenaTest" name="testLowerLevel1" time="0.016"/>
  <testcase classname="God.Cards.AthenaTest" name="testLowerLevel2" time="0"/>
  <testcase classname="God.Cards.AthenaTest" name="testLowerLevel3" time="0.001"/>
  <testcase classname="God.Cards.AthenaTest" name="testUpperLevel1" time="0"/>
  <testcase classname="God.Cards.AthenaTest" name="testUpperLevel2" time="0.005"/>
  <testcase classname="God.Cards.AthenaTest" name="testUpperLevel3" time="0"/>
  <testcase classname="God.Cards.AthenaTest" name="testBaseLogic" time="0"/>
  <testcase classname="God.Cards.AthenaTest" name="testIsHigher" time="0"/>
  <testcase classname="God.Cards.AthenaTest" name="testDoubleAthena" time="0.003"/>
  <testcase classname="God.Cards.AthenaTest" name="testSameLevel1" time="0.001"/>
  <testcase classname="God.Cards.AthenaTest" name="testSameLevel2" time="0"/>
  <testcase classname="God.Cards.AthenaTest" name="testSameLevel3" time="0"/>
</testsuite>